#
# There is insufficient memory for the Java Runtime Environment to continue.
# Native memory allocation (malloc) failed to allocate 424656 bytes for Chunk::new
# Possible reasons:
#   The system is out of physical RAM or swap space
#   The process is running with CompressedOops enabled, and the Java Heap may be blocking the growth of the native heap
# Possible solutions:
#   Reduce memory load on the system
#   Increase physical memory or swap space
#   Check if swap backing store is full
#   Decrease Java heap size (-Xmx/-Xms)
#   Decrease number of Java threads
#   Decrease Java thread stack sizes (-Xss)
#   Set larger code cache with -XX:ReservedCodeCacheSize=
#   JVM is running with Unscaled Compressed Oops mode in which the Java heap is
#     placed in the first 4GB address space. The Java Heap base address is the
#     maximum limit for the native heap growth. Please use -XX:HeapBaseMinAddress
#     to set the Java Heap base and to place the Java Heap above 4GB virtual address.
# This output file may be truncated or incomplete.
#
#  Out of Memory Error (./src/hotspot/share/memory/arena.cpp:197), pid=2540, tid=7412
#
# JRE version: OpenJDK Runtime Environment Temurin-11.0.16+8 (11.0.16+8) (build 11.0.16+8)
# Java VM: OpenJDK 64-Bit Server VM Temurin-11.0.16+8 (11.0.16+8, mixed mode, tiered, compressed oops, g1 gc, windows-amd64)
# No core dump will be written. Minidumps are not enabled by default on client versions of Windows
#

---------------  S U M M A R Y ------------

Command Line: -Xmx512m -Dfile.encoding=UTF-8 edu.umd.cs.findbugs.FindBugs2 -xml:withMessages -auxclasspathFromInput -projectName bonus-calculator -effort:default -medium -nested:false -output C:\Users\\IdeaProjects\homework-5-2\target\spotbugsTemp.xml C:\Users\\IdeaProjects\homework-5-2\target\classes

Host: Intel(R) Core(TM) i3-5005U CPU @ 2.00GHz, 4 cores, 5G,  Windows 10 , 64 bit Build 19041 (10.0.19041.1889)
Time: Tue Sep 27 21:59:09 2022 RTZ 4 (s 10 , 64 bit Build 19041 (10.0.19041.1889) elapsed time: 1.948015 seconds (0d 0h 0m 1s)

---------------  T H R E A D  ---------------

Current thread (0x000002c575888800):  JavaThread "C2 CompilerThread0" daemon [_thread_in_native, id=7412, stack(0x000000f2ab000000,0x000000f2ab100000)]


Current CompileTask:
C2:   1948 1459       4       org.jaxen.expr.DefaultNameStep::evaluate (759 bytes)

Stack: [0x000000f2ab000000,0x000000f2ab100000]
Native frames: (J=compiled Java code, j=interpreted, Vv=VM code, C=native code)
V  [jvm.dll+0x61f1da]
V  [jvm.dll+0x7abc69]
V  [jvm.dll+0x7ad358]
V  [jvm.dll+0x7ada33]
V  [jvm.dll+0x24fb08]
V  [jvm.dll+0xc262c]
V  [jvm.dll+0xc2bec]
V  [jvm.dll+0x359e67]
V  [jvm.dll+0x19e8e1]
V  [jvm.dll+0x208ee2]
V  [jvm.dll+0x207efd]
V  [jvm.dll+0x18a3a1]
V  [jvm.dll+0x2177b4]
V  [jvm.dll+0x2159fb]
V  [jvm.dll+0x76e6a0]
V  [jvm.dll+0x7675d4]
V  [jvm.dll+0x61e045]
C  [ucrtbase.dll+0x21bb2]
C  [KERNEL32.DLL+0x17034]
C  [ntdll.dll+0x526a1]


---------------  P R O C E S S  ---------------

Threads class SMR info:
_java_thread_list=0x000002c5766425c0, length=11, elements={
0x000002c5698fb000, 0x000002c575834800, 0x000002c57583d800, 0x000002c575831800,
0x000002c575882800, 0x000002c575883800, 0x000002c575888800, 0x000002c57588d000,
0x000002c5761b8800, 0x000002c57630f000, 0x000002c57647e000
}

Java Threads: ( => current thread )
  0x000002c5698fb000 JavaThread "main" [_thread_in_vm, id=6404, stack(0x000000f2aa400000,0x000000f2aa500000)]
  0x000002c575834800 JavaThread "Reference Handler" daemon [_thread_blocked, id=8864, stack(0x000000f2aab00000,0x000000f2aac00000)]
  0x000002c57583d800 JavaThread "Finalizer" daemon [_thread_blocked, id=780, stack(0x000000f2aac00000,0x000000f2aad00000)]
  0x000002c575831800 JavaThread "Signal Dispatcher" daemon [_thread_blocked, id=9284, stack(0x000000f2aad00000,0x000000f2aae00000)]
  0x000002c575882800 JavaThread "Attach Listener" daemon [_thread_blocked, id=5584, stack(0x000000f2aae00000,0x000000f2aaf00000)]
  0x000002c575883800 JavaThread "Service Thread" daemon [_thread_blocked, id=8280, stack(0x000000f2aaf00000,0x000000f2ab000000)]
=>0x000002c575888800 JavaThread "C2 CompilerThread0" daemon [_thread_in_native, id=7412, stack(0x000000f2ab000000,0x000000f2ab100000)]
  0x000002c57588d000 JavaThread "C1 CompilerThread0" daemon [_thread_blocked, id=9376, stack(0x000000f2ab100000,0x000000f2ab200000)]
  0x000002c5761b8800 JavaThread "Sweeper thread" daemon [_thread_blocked, id=2876, stack(0x000000f2ab200000,0x000000f2ab300000)]
  0x000002c57630f000 JavaThread "Common-Cleaner" daemon [_thread_blocked, id=2188, stack(0x000000f2ab400000,0x000000f2ab500000)]
  0x000002c57647e000 JavaThread "C2 CompilerThread1" daemon [_thread_in_native, id=5924, stack(0x000000f2ab500000,0x000000f2ab600000)]

Other Threads:
  0x000002c57581e000 VMThread "VM Thread" [stack: 0x000000f2aaa00000,0x000000f2aab00000] [id=2252]
  0x000002c576302800 WatcherThread [stack: 0x000000f2ab300000,0x000000f2ab400000] [id=7456]
  0x000002c56990f000 GCTaskThread "GC Thread#0" [stack: 0x000000f2aa500000,0x000000f2aa600000] [id=4624]
  0x000002c57732a800 GCTaskThread "GC Thread#1" [stack: 0x000000f2ab600000,0x000000f2ab700000] [id=1684]
  0x000002c569921000 ConcurrentGCThread "G1 Main Marker" [stack: 0x000000f2aa600000,0x000000f2aa700000] [id=9428]
  0x000002c569923800 ConcurrentGCThread "G1 Conc#0" [stack: 0x000000f2aa700000,0x000000f2aa800000] [id=9328]
  0x000002c56998f800 ConcurrentGCThread "G1 Refine#0" [stack: 0x000000f2aa800000,0x000000f2aa900000] [id=2900]
  0x000002c57645f800 ConcurrentGCThread "G1 Refine#1" [stack: 0x000000f2ab700000,0x000000f2ab800000] [id=7320]
  0x000002c576309000 ConcurrentGCThread "G1 Refine#2" [stack: 0x000000f2ab800000,0x000000f2ab900000] [id=4252]
  0x000002c569990800 ConcurrentGCThread "G1 Young RemSet Sampling" [stack: 0x000000f2aa900000,0x000000f2aaa00000] [id=10044]

Threads with active compile tasks:
C2 CompilerThread0     2087 1459       4       org.jaxen.expr.DefaultNameStep::evaluate (759 bytes)
C1 CompilerThread0     2087 1517       1       edu.umd.cs.findbugs.DetectorFactory::setPositionSpecifiedInPluginDescriptor (6 bytes)
C2 CompilerThread1     2087 1499       4       org.dom4j.tree.AbstractElement::elements (75 bytes)

VM state:not at safepoint (normal execution)

VM Mutex/Monitor currently owned by a thread: None

Heap address: 0x00000000e0000000, size: 512 MB, Compressed Oops mode: 32-bit
Narrow klass base: 0x0000000000000000, Narrow klass shift: 3
Compressed class space size: 1073741824 Address: 0x0000000100000000

Heap:
 garbage-first heap   total 98304K, used 10353K [0x00000000e0000000, 0x0000000100000000)
  region size 1024K, 6 young (6144K), 2 survivors (2048K)
 Metaspace       used 13325K, capacity 13487K, committed 13568K, reserved 1060864K
  class space    used 1405K, capacity 1475K, committed 1536K, reserved 1048576K
Heap Regions: E=young(eden), S=young(survivor), O=old, HS=humongous(starts), HC=humongous(continues), CS=collection set, F=free, A=archive, TAMS=top-at-mark-start (previous, next)
|   0|0x00000000e0000000, 0x00000000e0100000, 0x00000000e0100000|100%| O|  |TAMS 0x00000000e0000000, 0x00000000e0000000| Untracked 
|   1|0x00000000e0100000, 0x00000000e0200000, 0x00000000e0200000|100%| O|  |TAMS 0x00000000e0100000, 0x00000000e0100000| Untracked 
|   2|0x00000000e0200000, 0x00000000e0300000, 0x00000000e0300000|100%| O|  |TAMS 0x00000000e0200000, 0x00000000e0200000| Untracked 
|   3|0x00000000e0300000, 0x00000000e0400000, 0x00000000e0400000|100%| O|  |TAMS 0x00000000e0300000, 0x00000000e0300000| Untracked 
|   4|0x00000000e0400000, 0x00000000e0500000, 0x00000000e0500000|100%| O|  |TAMS 0x00000000e0400000, 0x00000000e0400000| Untracked 
|   5|0x00000000e0500000, 0x00000000e0590e00, 0x00000000e0600000| 56%| O|  |TAMS 0x00000000e0500000, 0x00000000e0500000| Untracked 
|   6|0x00000000e0600000, 0x00000000e0600000, 0x00000000e0700000|  0%| F|  |TAMS 0x00000000e0600000, 0x00000000e0600000| Untracked 
|   7|0x00000000e0700000, 0x00000000e0700000, 0x00000000e0800000|  0%| F|  |TAMS 0x00000000e0700000, 0x00000000e0700000| Untracked 
|   8|0x00000000e0800000, 0x00000000e0800000, 0x00000000e0900000|  0%| F|  |TAMS 0x00000000e0800000, 0x00000000e0800000| Untracked 
|   9|0x00000000e0900000, 0x00000000e0900000, 0x00000000e0a00000|  0%| F|  |TAMS 0x00000000e0900000, 0x00000000e0900000| Untracked 
|  10|0x00000000e0a00000, 0x00000000e0a00000, 0x00000000e0b00000|  0%| F|  |TAMS 0x00000000e0a00000, 0x00000000e0a00000| Untracked 
|  11|0x00000000e0b00000, 0x00000000e0b00000, 0x00000000e0c00000|  0%| F|  |TAMS 0x00000000e0b00000, 0x00000000e0b00000| Untracked 
|  12|0x00000000e0c00000, 0x00000000e0c00000, 0x00000000e0d00000|  0%| F|  |TAMS 0x00000000e0c00000, 0x00000000e0c00000| Untracked 
|  13|0x00000000e0d00000, 0x00000000e0d00000, 0x00000000e0e00000|  0%| F|  |TAMS 0x00000000e0d00000, 0x00000000e0d00000| Untracked 
|  14|0x00000000e0e00000, 0x00000000e0e00000, 0x00000000e0f00000|  0%| F|  |TAMS 0x00000000e0e00000, 0x00000000e0e00000| Untracked 
|  15|0x00000000e0f00000, 0x00000000e0f00000, 0x00000000e1000000|  0%| F|  |TAMS 0x00000000e0f00000, 0x00000000e0f00000| Untracked 
|  16|0x00000000e1000000, 0x00000000e1000000, 0x00000000e1100000|  0%| F|  |TAMS 0x00000000e1000000, 0x00000000e1000000| Untracked 
|  17|0x00000000e1100000, 0x00000000e1100000, 0x00000000e1200000|  0%| F|  |TAMS 0x00000000e1100000, 0x00000000e1100000| Untracked 
|  18|0x00000000e1200000, 0x00000000e1200000, 0x00000000e1300000|  0%| F|  |TAMS 0x00000000e1200000, 0x00000000e1200000| Untracked 
|  19|0x00000000e1300000, 0x00000000e1300000, 0x00000000e1400000|  0%| F|  |TAMS 0x00000000e1300000, 0x00000000e1300000| Untracked 
|  20|0x00000000e1400000, 0x00000000e1400000, 0x00000000e1500000|  0%| F|  |TAMS 0x00000000e1400000, 0x00000000e1400000| Untracked 
|  21|0x00000000e1500000, 0x00000000e1500000, 0x00000000e1600000|  0%| F|  |TAMS 0x00000000e1500000, 0x00000000e1500000| Untracked 
|  22|0x00000000e1600000, 0x00000000e1600000, 0x00000000e1700000|  0%| F|  |TAMS 0x00000000e1600000, 0x00000000e1600000| Untracked 
|  23|0x00000000e1700000, 0x00000000e1700000, 0x00000000e1800000|  0%| F|  |TAMS 0x00000000e1700000, 0x00000000e1700000| Untracked 
|  24|0x00000000e1800000, 0x00000000e1800000, 0x00000000e1900000|  0%| F|  |TAMS 0x00000000e1800000, 0x00000000e1800000| Untracked 
|  25|0x00000000e1900000, 0x00000000e1900000, 0x00000000e1a00000|  0%| F|  |TAMS 0x00000000e1900000, 0x00000000e1900000| Untracked 
|  26|0x00000000e1a00000, 0x00000000e1a00000, 0x00000000e1b00000|  0%| F|  |TAMS 0x00000000e1a00000, 0x00000000e1a00000| Untracked 
|  27|0x00000000e1b00000, 0x00000000e1b00000, 0x00000000e1c00000|  0%| F|  |TAMS 0x00000000e1b00000, 0x00000000e1b00000| Untracked 
|  28|0x00000000e1c00000, 0x00000000e1c00000, 0x00000000e1d00000|  0%| F|  |TAMS 0x00000000e1c00000, 0x00000000e1c00000| Untracked 
|  29|0x00000000e1d00000, 0x00000000e1d00000, 0x00000000e1e00000|  0%| F|  |TAMS 0x00000000e1d00000, 0x00000000e1d00000| Untracked 
|  30|0x00000000e1e00000, 0x00000000e1e00000, 0x00000000e1f00000|  0%| F|  |TAMS 0x00000000e1e00000, 0x00000000e1e00000| Untracked 
|  31|0x00000000e1f00000, 0x00000000e1f00000, 0x00000000e2000000|  0%| F|  |TAMS 0x00000000e1f00000, 0x00000000e1f00000| Untracked 
|  32|0x00000000e2000000, 0x00000000e2000000, 0x00000000e2100000|  0%| F|  |TAMS 0x00000000e2000000, 0x00000000e2000000| Untracked 
|  33|0x00000000e2100000, 0x00000000e2100000, 0x00000000e2200000|  0%| F|  |TAMS 0x00000000e2100000, 0x00000000e2100000| Untracked 
|  34|0x00000000e2200000, 0x00000000e2200000, 0x00000000e2300000|  0%| F|  |TAMS 0x00000000e2200000, 0x00000000e2200000| Untracked 
|  35|0x00000000e2300000, 0x00000000e2300000, 0x00000000e2400000|  0%| F|  |TAMS 0x00000000e2300000, 0x00000000e2300000| Untracked 
|  36|0x00000000e2400000, 0x00000000e2400000, 0x00000000e2500000|  0%| F|  |TAMS 0x00000000e2400000, 0x00000000e2400000| Untracked 
|  37|0x00000000e2500000, 0x00000000e2500000, 0x00000000e2600000|  0%| F|  |TAMS 0x00000000e2500000, 0x00000000e2500000| Untracked 
|  38|0x00000000e2600000, 0x00000000e2600000, 0x00000000e2700000|  0%| F|  |TAMS 0x00000000e2600000, 0x00000000e2600000| Untracked 
|  39|0x00000000e2700000, 0x00000000e2700000, 0x00000000e2800000|  0%| F|  |TAMS 0x00000000e2700000, 0x00000000e2700000| Untracked 
|  40|0x00000000e2800000, 0x00000000e2800000, 0x00000000e2900000|  0%| F|  |TAMS 0x00000000e2800000, 0x00000000e2800000| Untracked 
|  41|0x00000000e2900000, 0x00000000e2900000, 0x00000000e2a00000|  0%| F|  |TAMS 0x00000000e2900000, 0x00000000e2900000| Untracked 
|  42|0x00000000e2a00000, 0x00000000e2a00000, 0x00000000e2b00000|  0%| F|  |TAMS 0x00000000e2a00000, 0x00000000e2a00000| Untracked 
|  43|0x00000000e2b00000, 0x00000000e2b00000, 0x00000000e2c00000|  0%| F|  |TAMS 0x00000000e2b00000, 0x00000000e2b00000| Untracked 
|  44|0x00000000e2c00000, 0x00000000e2c00000, 0x00000000e2d00000|  0%| F|  |TAMS 0x00000000e2c00000, 0x00000000e2c00000| Untracked 
|  45|0x00000000e2d00000, 0x00000000e2d00000, 0x00000000e2e00000|  0%| F|  |TAMS 0x00000000e2d00000, 0x00000000e2d00000| Untracked 
|  46|0x00000000e2e00000, 0x00000000e2e00000, 0x00000000e2f00000|  0%| F|  |TAMS 0x00000000e2e00000, 0x00000000e2e00000| Untracked 
|  47|0x00000000e2f00000, 0x00000000e2f00000, 0x00000000e3000000|  0%| F|  |TAMS 0x00000000e2f00000, 0x00000000e2f00000| Untracked 
|  48|0x00000000e3000000, 0x00000000e3000000, 0x00000000e3100000|  0%| F|  |TAMS 0x00000000e3000000, 0x00000000e3000000| Untracked 
|  49|0x00000000e3100000, 0x00000000e3100000, 0x00000000e3200000|  0%| F|  |TAMS 0x00000000e3100000, 0x00000000e3100000| Untracked 
|  50|0x00000000e3200000, 0x00000000e3200000, 0x00000000e3300000|  0%| F|  |TAMS 0x00000000e3200000, 0x00000000e3200000| Untracked 
|  51|0x00000000e3300000, 0x00000000e3300000, 0x00000000e3400000|  0%| F|  |TAMS 0x00000000e3300000, 0x00000000e3300000| Untracked 
|  52|0x00000000e3400000, 0x00000000e3400000, 0x00000000e3500000|  0%| F|  |TAMS 0x00000000e3400000, 0x00000000e3400000| Untracked 
|  53|0x00000000e3500000, 0x00000000e3500000, 0x00000000e3600000|  0%| F|  |TAMS 0x00000000e3500000, 0x00000000e3500000| Untracked 
|  54|0x00000000e3600000, 0x00000000e3600000, 0x00000000e3700000|  0%| F|  |TAMS 0x00000000e3600000, 0x00000000e3600000| Untracked 
|  55|0x00000000e3700000, 0x00000000e3700000, 0x00000000e3800000|  0%| F|  |TAMS 0x00000000e3700000, 0x00000000e3700000| Untracked 
|  56|0x00000000e3800000, 0x00000000e3800000, 0x00000000e3900000|  0%| F|  |TAMS 0x00000000e3800000, 0x00000000e3800000| Untracked 
|  57|0x00000000e3900000, 0x00000000e3900000, 0x00000000e3a00000|  0%| F|  |TAMS 0x00000000e3900000, 0x00000000e3900000| Untracked 
|  58|0x00000000e3a00000, 0x00000000e3a00000, 0x00000000e3b00000|  0%| F|  |TAMS 0x00000000e3a00000, 0x00000000e3a00000| Untracked 
|  59|0x00000000e3b00000, 0x00000000e3b00000, 0x00000000e3c00000|  0%| F|  |TAMS 0x00000000e3b00000, 0x00000000e3b00000| Untracked 
|  60|0x00000000e3c00000, 0x00000000e3c00000, 0x00000000e3d00000|  0%| F|  |TAMS 0x00000000e3c00000, 0x00000000e3c00000| Untracked 
|  61|0x00000000e3d00000, 0x00000000e3d00000, 0x00000000e3e00000|  0%| F|  |TAMS 0x00000000e3d00000, 0x00000000e3d00000| Untracked 
|  62|0x00000000e3e00000, 0x00000000e3e00000, 0x00000000e3f00000|  0%| F|  |TAMS 0x00000000e3e00000, 0x00000000e3e00000| Untracked 
|  63|0x00000000e3f00000, 0x00000000e3f00000, 0x00000000e4000000|  0%| F|  |TAMS 0x00000000e3f00000, 0x00000000e3f00000| Untracked 
|  64|0x00000000e4000000, 0x00000000e4000000, 0x00000000e4100000|  0%| F|  |TAMS 0x00000000e4000000, 0x00000000e4000000| Untracked 
|  65|0x00000000e4100000, 0x00000000e4100000, 0x00000000e4200000|  0%| F|  |TAMS 0x00000000e4100000, 0x00000000e4100000| Untracked 
|  66|0x00000000e4200000, 0x00000000e4200000, 0x00000000e4300000|  0%| F|  |TAMS 0x00000000e4200000, 0x00000000e4200000| Untracked 
|  67|0x00000000e4300000, 0x00000000e4300000, 0x00000000e4400000|  0%| F|  |TAMS 0x00000000e4300000, 0x00000000e4300000| Untracked 
|  68|0x00000000e4400000, 0x00000000e4400000, 0x00000000e4500000|  0%| F|  |TAMS 0x00000000e4400000, 0x00000000e4400000| Untracked 
|  69|0x00000000e4500000, 0x00000000e4500000, 0x00000000e4600000|  0%| F|  |TAMS 0x00000000e4500000, 0x00000000e4500000| Untracked 
|  70|0x00000000e4600000, 0x00000000e4600000, 0x00000000e4700000|  0%| F|  |TAMS 0x00000000e4600000, 0x00000000e4600000| Untracked 
|  71|0x00000000e4700000, 0x00000000e4700000, 0x00000000e4800000|  0%| F|  |TAMS 0x00000000e4700000, 0x00000000e4700000| Untracked 
|  72|0x00000000e4800000, 0x00000000e4800000, 0x00000000e4900000|  0%| F|  |TAMS 0x00000000e4800000, 0x00000000e4800000| Untracked 
|  73|0x00000000e4900000, 0x00000000e4900000, 0x00000000e4a00000|  0%| F|  |TAMS 0x00000000e4900000, 0x00000000e4900000| Untracked 
|  74|0x00000000e4a00000, 0x00000000e4a00000, 0x00000000e4b00000|  0%| F|  |TAMS 0x00000000e4a00000, 0x00000000e4a00000| Untracked 
|  75|0x00000000e4b00000, 0x00000000e4b00000, 0x00000000e4c00000|  0%| F|  |TAMS 0x00000000e4b00000, 0x00000000e4b00000| Untracked 
|  76|0x00000000e4c00000, 0x00000000e4c00000, 0x00000000e4d00000|  0%| F|  |TAMS 0x00000000e4c00000, 0x00000000e4c00000| Untracked 
|  77|0x00000000e4d00000, 0x00000000e4d00000, 0x00000000e4e00000|  0%| F|  |TAMS 0x00000000e4d00000, 0x00000000e4d00000| Untracked 
|  78|0x00000000e4e00000, 0x00000000e4e00000, 0x00000000e4f00000|  0%| F|  |TAMS 0x00000000e4e00000, 0x00000000e4e00000| Untracked 
|  79|0x00000000e4f00000, 0x00000000e4f8b900, 0x00000000e5000000| 54%| S|CS|TAMS 0x00000000e4f00000, 0x00000000e4f00000| Complete 
|  80|0x00000000e5000000, 0x00000000e5100000, 0x00000000e5100000|100%| S|CS|TAMS 0x00000000e5000000, 0x00000000e5000000| Complete 
|  81|0x00000000e5100000, 0x00000000e5100000, 0x00000000e5200000|  0%| F|  |TAMS 0x00000000e5100000, 0x00000000e5100000| Untracked 
|  82|0x00000000e5200000, 0x00000000e5200000, 0x00000000e5300000|  0%| F|  |TAMS 0x00000000e5200000, 0x00000000e5200000| Untracked 
|  83|0x00000000e5300000, 0x00000000e5300000, 0x00000000e5400000|  0%| F|  |TAMS 0x00000000e5300000, 0x00000000e5300000| Untracked 
|  84|0x00000000e5400000, 0x00000000e5400000, 0x00000000e5500000|  0%| F|  |TAMS 0x00000000e5400000, 0x00000000e5400000| Untracked 
|  85|0x00000000e5500000, 0x00000000e5500000, 0x00000000e5600000|  0%| F|  |TAMS 0x00000000e5500000, 0x00000000e5500000| Untracked 
|  86|0x00000000e5600000, 0x00000000e5600000, 0x00000000e5700000|  0%| F|  |TAMS 0x00000000e5600000, 0x00000000e5600000| Untracked 
|  87|0x00000000e5700000, 0x00000000e5700000, 0x00000000e5800000|  0%| F|  |TAMS 0x00000000e5700000, 0x00000000e5700000| Untracked 
|  88|0x00000000e5800000, 0x00000000e5800000, 0x00000000e5900000|  0%| F|  |TAMS 0x00000000e5800000, 0x00000000e5800000| Untracked 
|  89|0x00000000e5900000, 0x00000000e5900000, 0x00000000e5a00000|  0%| F|  |TAMS 0x00000000e5900000, 0x00000000e5900000| Untracked 
|  90|0x00000000e5a00000, 0x00000000e5a00000, 0x00000000e5b00000|  0%| F|  |TAMS 0x00000000e5a00000, 0x00000000e5a00000| Untracked 
|  91|0x00000000e5b00000, 0x00000000e5b00000, 0x00000000e5c00000|  0%| F|  |TAMS 0x00000000e5b00000, 0x00000000e5b00000| Untracked 
|  92|0x00000000e5c00000, 0x00000000e5c80800, 0x00000000e5d00000| 50%| E|  |TAMS 0x00000000e5c00000, 0x00000000e5c00000| Complete 
|  93|0x00000000e5d00000, 0x00000000e5e00000, 0x00000000e5e00000|100%| E|CS|TAMS 0x00000000e5d00000, 0x00000000e5d00000| Complete 
|  94|0x00000000e5e00000, 0x00000000e5f00000, 0x00000000e5f00000|100%| E|CS|TAMS 0x00000000e5e00000, 0x00000000e5e00000| Complete 
|  95|0x00000000e5f00000, 0x00000000e6000000, 0x00000000e6000000|100%| E|CS|TAMS 0x00000000e5f00000, 0x00000000e5f00000| Complete 

Card table byte_map: [0x000002c572050000,0x000002c572150000] _byte_map_base: 0x000002c571950000

Marking Bits (Prev, Next): (CMBitMap*) 0x000002c56991e1b8, (CMBitMap*) 0x000002c56991e1f0
 Prev Bits: [0x000002c572250000, 0x000002c572a50000)
 Next Bits: [0x000002c572a50000, 0x000002c573250000)

Polling page: 0x000002c567870000

Metaspace:

Usage:
  Non-class:     11.79 MB capacity,    11.65 MB ( 99%) used,   126.11 KB (  1%) free+waste,    16.94 KB ( <1%) overhead. 
      Class:      1.44 MB capacity,     1.38 MB ( 96%) used,    52.70 KB (  4%) free+waste,     7.63 KB ( <1%) overhead. 
       Both:     13.23 MB capacity,    13.03 MB ( 98%) used,   178.81 KB (  1%) free+waste,    24.56 KB ( <1%) overhead. 

Virtual space:
  Non-class space:       12.00 MB reserved,      12.00 MB (100%) committed 
      Class space:        1.00 GB reserved,       1.50 MB ( <1%) committed 
             Both:        1.01 GB reserved,      13.50 MB (  1%) committed 

Chunk freelists:
   Non-Class:  20.00 KB
       Class:  29.00 KB
        Both:  49.00 KB

MaxMetaspaceSize: 17179869184.00 GB
CompressedClassSpaceSize: 1.00 GB
Initial GC threshold: 20.80 MB
Current GC threshold: 20.80 MB
CDS: off

CodeHeap 'non-profiled nmethods': size=120064Kb used=575Kb max_used=575Kb free=119488Kb
 bounds [0x000002c507ac0000, 0x000002c507d30000, 0x000002c50f000000]
CodeHeap 'profiled nmethods': size=120000Kb used=3115Kb max_used=3115Kb free=116884Kb
 bounds [0x000002c500590000, 0x000002c5008a0000, 0x000002c507ac0000]
CodeHeap 'non-nmethods': size=5696Kb used=1131Kb max_used=1159Kb free=4564Kb
 bounds [0x000002c500000000, 0x000002c500270000, 0x000002c500590000]
 total_blobs=1872 nmethods=1493 adapters=291
 compilation: enabled
              stopped_count=0, restarted_count=0
 full_count=0

Compilation events (20 events):
Event: 1.873 Thread 0x000002c57588d000 1487       3       java.lang.Thread::interrupted (8 bytes)
Event: 1.874 Thread 0x000002c57588d000 nmethod 1487 0x000002c500891110 code [0x000002c5008912c0, 0x000002c5008913e8]
Event: 1.874 Thread 0x000002c57588d000 1489       3       jdk.internal.loader.URLClassPath$JarLoader$2::getContentLength (9 bytes)
Event: 1.874 Thread 0x000002c57588d000 nmethod 1489 0x000002c500891490 code [0x000002c500891640, 0x000002c5008917d8]
Event: 1.875 Thread 0x000002c57588d000 1490       3       jdk.internal.loader.URLClassPath$JarLoader$2::getCodeSigners (8 bytes)
Event: 1.875 Thread 0x000002c57588d000 nmethod 1490 0x000002c500891890 code [0x000002c500891a40, 0x000002c500891c08]
Event: 1.875 Thread 0x000002c57588d000 1491   !   3       java.util.jar.JarFile$JarFileEntry::getCodeSigners (81 bytes)
Event: 1.876 Thread 0x000002c57588d000 nmethod 1491 0x000002c500891d10 code [0x000002c500891f40, 0x000002c5008924e8]
Event: 1.877 Thread 0x000002c57588d000 1493       3       org.jaxen.saxpath.base.XPathLexer::slashes (89 bytes)
Event: 1.878 Thread 0x000002c57588d000 nmethod 1493 0x000002c500892710 code [0x000002c500892980, 0x000002c500893438]
Event: 1.887 Thread 0x000002c57588d000 1495       3       org.dom4j.tree.AbstractBranch::getContentAsText (69 bytes)
Event: 1.888 Thread 0x000002c57588d000 nmethod 1495 0x000002c500893790 code [0x000002c5008939a0, 0x000002c500894138]
Event: 1.892 Thread 0x000002c57588d000 1496       1       org.jaxen.expr.DefaultPredicate::setExpr (6 bytes)
Event: 1.892 Thread 0x000002c57588d000 nmethod 1496 0x000002c507b48d10 code [0x000002c507b48ec0, 0x000002c507b48fb8]
Event: 1.914 Thread 0x000002c57588d000 1497       3       org.jaxen.saxpath.base.XPathLexer::literal (65 bytes)
Event: 1.916 Thread 0x000002c57588d000 nmethod 1497 0x000002c500894290 code [0x000002c500894540, 0x000002c500895378]
Event: 1.916 Thread 0x000002c57588d000 1498       3       org.jaxen.expr.PredicateSet::applyPredicate (195 bytes)
Event: 1.920 Thread 0x000002c57588d000 nmethod 1498 0x000002c500895890 code [0x000002c500895c80, 0x000002c500897df8]
Event: 1.940 Thread 0x000002c57588d000 1501       1       org.dom4j.tree.DefaultDocument::getDocumentFactory (5 bytes)
Event: 1.940 Thread 0x000002c57588d000 nmethod 1501 0x000002c507b49010 code [0x000002c507b491c0, 0x000002c507b49278]

GC Heap History (4 events):
Event: 1.234 GC heap before
{Heap before GC invocations=0 (full 0):
 garbage-first heap   total 98304K, used 13312K [0x00000000e0000000, 0x0000000100000000)
  region size 1024K, 14 young (14336K), 0 survivors (0K)
 Metaspace       used 10748K, capacity 10883K, committed 11136K, reserved 1058816K
  class space    used 1001K, capacity 1056K, committed 1152K, reserved 1048576K
}
Event: 1.250 GC heap after
{Heap after GC invocations=1 (full 0):
 garbage-first heap   total 98304K, used 5984K [0x00000000e0000000, 0x0000000100000000)
  region size 1024K, 2 young (2048K), 2 survivors (2048K)
 Metaspace       used 10748K, capacity 10883K, committed 11136K, reserved 1058816K
  class space    used 1001K, capacity 1056K, committed 1152K, reserved 1048576K
}
Event: 1.364 GC heap before
{Heap before GC invocations=1 (full 0):
 garbage-first heap   total 98304K, used 8032K [0x00000000e0000000, 0x0000000100000000)
  region size 1024K, 4 young (4096K), 2 survivors (2048K)
 Metaspace       used 11330K, capacity 11561K, committed 11776K, reserved 1060864K
  class space    used 1060K, capacity 1154K, committed 1280K, reserved 1048576K
}
Event: 1.374 GC heap after
{Heap after GC invocations=2 (full 0):
 garbage-first heap   total 98304K, used 6275K [0x00000000e0000000, 0x0000000100000000)
  region size 1024K, 1 young (1024K), 1 survivors (1024K)
 Metaspace       used 11330K, capacity 11561K, committed 11776K, reserved 1060864K
  class space    used 1060K, capacity 1154K, committed 1280K, reserved 1048576K
}

Deoptimization events (20 events):
Event: 1.462 Thread 0x000002c5698fb000 Uncommon trap: trap_request=0xffffffbe fr.pc=0x000002c507b1e6a0 relative=0x0000000000001660
Event: 1.462 Thread 0x000002c5698fb000 Uncommon trap: reason=profile_predicate action=maybe_recompile pc=0x000002c507b1e6a0 method=java.io.WinNTFileSystem.normalize(Ljava/lang/String;)Ljava/lang/String; @ 25 c2
Event: 1.462 Thread 0x000002c5698fb000 DEOPT PACKING pc=0x000002c507b1e6a0 sp=0x000000f2aa4fa730
Event: 1.462 Thread 0x000002c5698fb000 DEOPT UNPACKING pc=0x000002c50004a1af sp=0x000000f2aa4fa718 mode 2
Event: 1.463 Thread 0x000002c5698fb000 Uncommon trap: trap_request=0xffffffbe fr.pc=0x000002c507b1e6a0 relative=0x0000000000001660
Event: 1.463 Thread 0x000002c5698fb000 Uncommon trap: reason=profile_predicate action=maybe_recompile pc=0x000002c507b1e6a0 method=java.io.WinNTFileSystem.normalize(Ljava/lang/String;)Ljava/lang/String; @ 25 c2
Event: 1.463 Thread 0x000002c5698fb000 DEOPT PACKING pc=0x000002c507b1e6a0 sp=0x000000f2aa4f8b90
Event: 1.463 Thread 0x000002c5698fb000 DEOPT UNPACKING pc=0x000002c50004a1af sp=0x000000f2aa4f8b78 mode 2
Event: 1.583 Thread 0x000002c5698fb000 DEOPT PACKING pc=0x000002c5005a796d sp=0x000000f2aa4f3df0
Event: 1.583 Thread 0x000002c5698fb000 DEOPT UNPACKING pc=0x000002c50004a95e sp=0x000000f2aa4f3200 mode 0
Event: 1.851 Thread 0x000002c5698fb000 DEOPT PACKING pc=0x000002c50082c8d5 sp=0x000000f2aa4fd2c0
Event: 1.851 Thread 0x000002c5698fb000 DEOPT UNPACKING pc=0x000002c50004a95e sp=0x000000f2aa4fc848 mode 0
Event: 1.886 Thread 0x000002c5698fb000 DEOPT PACKING pc=0x000002c50082c8d5 sp=0x000000f2aa4fd2c0
Event: 1.886 Thread 0x000002c5698fb000 DEOPT UNPACKING pc=0x000002c50004a95e sp=0x000000f2aa4fc848 mode 0
Event: 1.900 Thread 0x000002c5698fb000 DEOPT PACKING pc=0x000002c50082c8d5 sp=0x000000f2aa4fd2c0
Event: 1.902 Thread 0x000002c5698fb000 DEOPT UNPACKING pc=0x000002c50004a95e sp=0x000000f2aa4fc848 mode 0
Event: 1.927 Thread 0x000002c5698fb000 DEOPT PACKING pc=0x000002c50082c8d5 sp=0x000000f2aa4fd2c0
Event: 1.927 Thread 0x000002c5698fb000 DEOPT UNPACKING pc=0x000002c50004a95e sp=0x000000f2aa4fc848 mode 0
Event: 1.937 Thread 0x000002c5698fb000 DEOPT PACKING pc=0x000002c50082c8d5 sp=0x000000f2aa4fd2c0
Event: 1.937 Thread 0x000002c5698fb000 DEOPT UNPACKING pc=0x000002c50004a95e sp=0x000000f2aa4fc848 mode 0

Classes redefined (0 events):
No events

Internal exceptions (20 events):
Event: 0.353 Thread 0x000002c5698fb000 Exception <a 'java/security/PrivilegedActionException'{0x00000000e5ef7e48}> (0x00000000e5ef7e48) thrown at [./src/hotspot/share/prims/jvm.cpp, line 1306]
Event: 0.353 Thread 0x000002c5698fb000 Exception <a 'java/security/PrivilegedActionException'{0x00000000e5ef8118}> (0x00000000e5ef8118) thrown at [./src/hotspot/share/prims/jvm.cpp, line 1306]
Event: 0.353 Thread 0x000002c5698fb000 Exception <a 'java/security/PrivilegedActionException'{0x00000000e5ef94c8}> (0x00000000e5ef94c8) thrown at [./src/hotspot/share/prims/jvm.cpp, line 1306]
Event: 0.353 Thread 0x000002c5698fb000 Exception <a 'java/security/PrivilegedActionException'{0x00000000e5ef9798}> (0x00000000e5ef9798) thrown at [./src/hotspot/share/prims/jvm.cpp, line 1306]
Event: 0.353 Thread 0x000002c5698fb000 Exception <a 'java/security/PrivilegedActionException'{0x00000000e5efaa88}> (0x00000000e5efaa88) thrown at [./src/hotspot/share/prims/jvm.cpp, line 1306]
Event: 0.354 Thread 0x000002c5698fb000 Exception <a 'java/security/PrivilegedActionException'{0x00000000e5efad58}> (0x00000000e5efad58) thrown at [./src/hotspot/share/prims/jvm.cpp, line 1306]
Event: 0.354 Thread 0x000002c5698fb000 Exception <a 'java/security/PrivilegedActionException'{0x00000000e5efc170}> (0x00000000e5efc170) thrown at [./src/hotspot/share/prims/jvm.cpp, line 1306]
Event: 0.354 Thread 0x000002c5698fb000 Exception <a 'java/security/PrivilegedActionException'{0x00000000e5efc440}> (0x00000000e5efc440) thrown at [./src/hotspot/share/prims/jvm.cpp, line 1306]
Event: 0.354 Thread 0x000002c5698fb000 Exception <a 'java/security/PrivilegedActionException'{0x00000000e5efd7f8}> (0x00000000e5efd7f8) thrown at [./src/hotspot/share/prims/jvm.cpp, line 1306]
Event: 0.354 Thread 0x000002c5698fb000 Exception <a 'java/security/PrivilegedActionException'{0x00000000e5efdac8}> (0x00000000e5efdac8) thrown at [./src/hotspot/share/prims/jvm.cpp, line 1306]
Event: 0.355 Thread 0x000002c5698fb000 Exception <a 'java/security/PrivilegedActionException'{0x00000000e5efee20}> (0x00000000e5efee20) thrown at [./src/hotspot/share/prims/jvm.cpp, line 1306]
Event: 0.355 Thread 0x000002c5698fb000 Exception <a 'java/security/PrivilegedActionException'{0x00000000e5eff0f0}> (0x00000000e5eff0f0) thrown at [./src/hotspot/share/prims/jvm.cpp, line 1306]
Event: 0.355 Thread 0x000002c5698fb000 Exception <a 'java/security/PrivilegedActionException'{0x00000000e5d00910}> (0x00000000e5d00910) thrown at [./src/hotspot/share/prims/jvm.cpp, line 1306]
Event: 0.355 Thread 0x000002c5698fb000 Exception <a 'java/security/PrivilegedActionException'{0x00000000e5d00be0}> (0x00000000e5d00be0) thrown at [./src/hotspot/share/prims/jvm.cpp, line 1306]
Event: 0.765 Thread 0x000002c5698fb000 Exception <a 'java/lang/NoSuchMethodError'{0x00000000e57a7a00}: 'java.lang.Object java.lang.invoke.DirectMethodHandle$Holder.invokeStatic(java.lang.Object, java.lang.Object, java.lang.Object, java.lang.Object, java.lang.Object, java.lang.Object, java.lang.Object, java.lang.Object, java.lang.Object, java.lang.Object, java.lang.Object, java.lang.Object, java.lang.Object, java.lang.Object, java.lang.Object)'> (0x00000000e57a7a00) thrown at [./src/hotspot/share/interpreter/linkResolver.cpp, line 773]
Event: 0.768 Thread 0x000002c5698fb000 Exception <a 'java/lang/NoSuchMethodError'{0x00000000e57b5920}: 'java.lang.Object java.lang.invoke.DirectMethodHandle$Holder.invokeStatic(java.lang.Object, java.lang.Object, java.lang.Object, java.lang.Object, java.lang.Object, java.lang.Object, java.lang.Object, java.lang.Object, java.lang.Object, java.lang.Object, java.lang.Object, java.lang.Object, java.lang.Object, java.lang.Object, java.lang.Object, java.lang.Object)'> (0x00000000e57b5920) thrown at [./src/hotspot/share/interpreter/linkResolver.cpp, l
Event: 0.771 Thread 0x000002c5698fb000 Exception <a 'java/lang/NoSuchMethodError'{0x00000000e57c3590}: 'java.lang.Object java.lang.invoke.DirectMethodHandle$Holder.invokeSpecial(java.lang.Object, java.lang.Object, int, int, java.lang.Object, java.lang.Object, java.lang.Object)'> (0x00000000e57c3590) thrown at [./src/hotspot/share/interpreter/linkResolver.cpp, line 773]
Event: 0.772 Thread 0x000002c5698fb000 Exception <a 'java/lang/NoSuchMethodError'{0x00000000e57c6b20}: 'java.lang.Object java.lang.invoke.DelegatingMethodHandle$Holder.reinvoke_L(java.lang.Object, int, int, java.lang.Object, java.lang.Object, java.lang.Object)'> (0x00000000e57c6b20) thrown at [./src/hotspot/share/interpreter/linkResolver.cpp, line 773]
Event: 0.773 Thread 0x000002c5698fb000 Exception <a 'java/lang/NoSuchMethodError'{0x00000000e57caea8}: 'java.lang.Object java.lang.invoke.DirectMethodHandle$Holder.invokeStatic(java.lang.Object, java.lang.Object, java.lang.Object, java.lang.Object, int)'> (0x00000000e57caea8) thrown at [./src/hotspot/share/interpreter/linkResolver.cpp, line 773]
Event: 0.832 Thread 0x000002c5698fb000 Exception <a 'java/lang/ClassNotFoundException'{0x00000000e565e658}: com/sun/org/apache/xerces/internal/impl/msg/spi/SAXMessagesProvider> (0x00000000e565e658) thrown at [./src/hotspot/share/classfile/systemDictionary.cpp, line 230]

Events (20 events):
Event: 1.921 loading class edu/umd/cs/findbugs/detect/MutableStaticFields
Event: 1.921 loading class edu/umd/cs/findbugs/detect/MutableStaticFields done
Event: 1.923 loading class edu/umd/cs/findbugs/detect/Naming
Event: 1.923 loading class edu/umd/cs/findbugs/detect/Naming done
Event: 1.928 loading class edu/umd/cs/findbugs/detect/ReadReturnShouldBeChecked
Event: 1.928 loading class edu/umd/cs/findbugs/detect/ReadReturnShouldBeChecked done
Event: 1.930 loading class edu/umd/cs/findbugs/detect/SerializableIdiom
Event: 1.930 loading class edu/umd/cs/findbugs/detect/SerializableIdiom done
Event: 1.933 loading class edu/umd/cs/findbugs/detect/StartInConstructor
Event: 1.933 loading class edu/umd/cs/findbugs/detect/StartInConstructor done
Event: 1.934 loading class edu/umd/cs/findbugs/detect/FindBadForLoop
Event: 1.934 loading class edu/umd/cs/findbugs/detect/FindBadForLoop done
Event: 1.936 loading class edu/umd/cs/findbugs/detect/ExplicitSerialization
Event: 1.936 loading class edu/umd/cs/findbugs/detect/ExplicitSerialization done
Event: 1.938 loading class edu/umd/cs/findbugs/detect/UnreadFields
Event: 1.938 loading class edu/umd/cs/findbugs/detect/UnreadFields done
Event: 1.941 loading class edu/umd/cs/findbugs/detect/WaitInLoop
Event: 1.941 loading class edu/umd/cs/findbugs/detect/WaitInLoop done
Event: 1.943 loading class edu/umd/cs/findbugs/detect/FindComparatorProblems
Event: 1.943 loading class edu/umd/cs/findbugs/detect/FindComparatorProblems done


Dynamic libraries:
0x00007ff6c4a90000 - 0x00007ff6c4a9d000 	C:\Program Files\Eclipse Adoptium\jdk-11.0.16.8-hotspot\bin\java.exe
0x00007ffc22b10000 - 0x00007ffc22d08000 	C:\WINDOWS\SYSTEM32\ntdll.dll
0x00007ffc22410000 - 0x00007ffc224cd000 	C:\WINDOWS\System32\KERNEL32.DLL
0x00007ffc20370000 - 0x00007ffc2063e000 	C:\WINDOWS\System32\KERNELBASE.dll
0x00007ffc20640000 - 0x00007ffc20740000 	C:\WINDOWS\System32\ucrtbase.dll
0x00007ffc0ab80000 - 0x00007ffc0ab95000 	C:\Program Files\Eclipse Adoptium\jdk-11.0.16.8-hotspot\bin\VCRUNTIME140.dll
0x00007ffc0aba0000 - 0x00007ffc0abb7000 	C:\Program Files\Eclipse Adoptium\jdk-11.0.16.8-hotspot\bin\jli.dll
0x00007ffc21e90000 - 0x00007ffc22030000 	C:\WINDOWS\System32\USER32.dll
0x00007ffc202a0000 - 0x00007ffc202c2000 	C:\WINDOWS\System32\win32u.dll
0x00007ffc0f950000 - 0x00007ffc0fbea000 	C:\WINDOWS\WinSxS\amd64_microsoft.windows.common-controls_6595b64144ccf1df_6.0.19041.1110_none_60b5254171f9507e\COMCTL32.dll
0x00007ffc22610000 - 0x00007ffc2263a000 	C:\WINDOWS\System32\GDI32.dll
0x00007ffc21230000 - 0x00007ffc212ce000 	C:\WINDOWS\System32\msvcrt.dll
0x00007ffc20840000 - 0x00007ffc2094b000 	C:\WINDOWS\System32\gdi32full.dll
0x00007ffc202d0000 - 0x00007ffc2036d000 	C:\WINDOWS\System32\msvcp_win.dll
0x00007ffc21ac0000 - 0x00007ffc21af0000 	C:\WINDOWS\System32\IMM32.DLL
0x00007ffc080a0000 - 0x00007ffc0813b000 	C:\Program Files\Eclipse Adoptium\jdk-11.0.16.8-hotspot\bin\msvcp140.dll
0x00007ffbe49a0000 - 0x00007ffbe5522000 	C:\Program Files\Eclipse Adoptium\jdk-11.0.16.8-hotspot\bin\server\jvm.dll
0x00007ffc20fe0000 - 0x00007ffc2108e000 	C:\WINDOWS\System32\ADVAPI32.dll
0x00007ffc21a20000 - 0x00007ffc21abc000 	C:\WINDOWS\System32\sechost.dll
0x00007ffc21100000 - 0x00007ffc21225000 	C:\WINDOWS\System32\RPCRT4.dll
0x00007ffc22030000 - 0x00007ffc22038000 	C:\WINDOWS\System32\PSAPI.DLL
0x00007ffc1d390000 - 0x00007ffc1d399000 	C:\WINDOWS\SYSTEM32\WSOCK32.dll
0x00007ffc21090000 - 0x00007ffc210fb000 	C:\WINDOWS\System32\WS2_32.dll
0x00007ffc147e0000 - 0x00007ffc14807000 	C:\WINDOWS\SYSTEM32\WINMM.dll
0x00007ffc18590000 - 0x00007ffc1859a000 	C:\WINDOWS\SYSTEM32\VERSION.dll
0x00007ffc1e300000 - 0x00007ffc1e312000 	C:\WINDOWS\SYSTEM32\kernel.appcore.dll
0x00007ffc0d0c0000 - 0x00007ffc0d0d0000 	C:\Program Files\Eclipse Adoptium\jdk-11.0.16.8-hotspot\bin\verify.dll
0x00007ffc1ded0000 - 0x00007ffc1e0b4000 	C:\WINDOWS\SYSTEM32\DBGHELP.DLL
0x00007ffc0cab0000 - 0x00007ffc0cadc000 	C:\WINDOWS\SYSTEM32\dbgcore.DLL
0x00007ffc20950000 - 0x00007ffc209d2000 	C:\WINDOWS\System32\bcryptPrimitives.dll
0x00007ffc0a090000 - 0x00007ffc0a0b8000 	C:\Program Files\Eclipse Adoptium\jdk-11.0.16.8-hotspot\bin\java.dll
0x00007ffc0cbe0000 - 0x00007ffc0cbea000 	C:\Program Files\Eclipse Adoptium\jdk-11.0.16.8-hotspot\bin\jimage.dll
0x00007ffc0b6d0000 - 0x00007ffc0b6e8000 	C:\Program Files\Eclipse Adoptium\jdk-11.0.16.8-hotspot\bin\zip.dll
0x00007ffc212d0000 - 0x00007ffc21a13000 	C:\WINDOWS\System32\SHELL32.dll
0x00007ffc1e320000 - 0x00007ffc1eab5000 	C:\WINDOWS\SYSTEM32\windows.storage.dll
0x00007ffc22770000 - 0x00007ffc22ac4000 	C:\WINDOWS\System32\combase.dll
0x00007ffc1fbc0000 - 0x00007ffc1fbf0000 	C:\WINDOWS\SYSTEM32\Wldp.dll
0x00007ffc224e0000 - 0x00007ffc2258d000 	C:\WINDOWS\System32\SHCORE.dll
0x00007ffc21bd0000 - 0x00007ffc21c25000 	C:\WINDOWS\System32\shlwapi.dll
0x00007ffc20170000 - 0x00007ffc2018f000 	C:\WINDOWS\SYSTEM32\profapi.dll
0x00007ffc0afc0000 - 0x00007ffc0afd9000 	C:\Program Files\Eclipse Adoptium\jdk-11.0.16.8-hotspot\bin\net.dll
0x00007ffc122a0000 - 0x00007ffc123aa000 	C:\WINDOWS\SYSTEM32\WINHTTP.dll
0x00007ffc1f920000 - 0x00007ffc1f98a000 	C:\WINDOWS\system32\mswsock.dll
0x00007ffc0afa0000 - 0x00007ffc0afb3000 	C:\Program Files\Eclipse Adoptium\jdk-11.0.16.8-hotspot\bin\nio.dll

dbghelp: loaded successfully - version: 4.0.5 - missing functions: none
symbol engine: initialized successfully - sym options: 0x614 - pdb path: .;C:\Program Files\Eclipse Adoptium\jdk-11.0.16.8-hotspot\bin;C:\WINDOWS\SYSTEM32;C:\WINDOWS\WinSxS\amd64_microsoft.windows.common-controls_6595b64144ccf1df_6.0.19041.1110_none_60b5254171f9507e;C:\Program Files\Eclipse Adoptium\jdk-11.0.16.8-hotspot\bin\server

VM Arguments:
jvm_args: -Xmx512m -Dfile.encoding=UTF-8 
java_command: edu.umd.cs.findbugs.FindBugs2 -xml:withMessages -auxclasspathFromInput -projectName bonus-calculator -effort:default -medium -nested:false -output C:\Users\\IdeaProjects\homework-5-2\target\spotbugsTemp.xml C:\Users\\IdeaProjects\homework-5-2\target\classes
java_class_path (initial): C:\Users\\.m2\repository\com\github\spotbugs\spotbugs-maven-plugin\3.1.12.2\spotbugs-maven-plugin-3.1.12.2.jar;C:\Users\\.m2\repository\com\github\spotbugs\spotbugs\3.1.12\spotbugs-3.1.12.jar;C:\Users\\.m2\repository\org\apache\bcel\bcel\6.3\bcel-6.3.jar;C:\Users\\.m2\repository\net\jcip\jcip-annotations\1.0\jcip-annotations-1.0.jar;C:\Users\\.m2\repository\org\dom4j\dom4j\2.1.1\dom4j-2.1.1.jar;C:\Users\\.m2\repository\jaxen\jaxen\1.1.6\jaxen-1.1.6.jar;C:\Users\\.m2\repository\commons-lang\commons-lang\2.6\commons-lang-2.6.jar;C:\Users\\.m2\repository\com\github\spotbugs\spotbugs-annotations\3.1.12\spotbugs-annotations-3.1.12.jar;C:\Users\\.m2\repository\com\google\code\findbugs\jsr305\3.0.2\jsr305-3.0.2.jar;C:\Users\\.m2\repository\org\slf4j\slf4j-simple\2.0.0-alpha0\slf4j-simple-2.0.0-alpha0.jar;C:\Users\\.m2\repository\org\apache\ant\ant\1.10.6\ant-1.10.6.jar;C:\Users\\.m2\repository\org\apache\ant\ant-launcher\1.10.6\ant-launcher-1.10.6.jar;C:\Users\\.m2\repository\org\codehaus\groovy\groovy\3.0.0-beta-2\groovy-3.0.0-beta-2-indy.jar;C:\Users\\.m2\repository\org\codehaus\groovy\groovy-ant\3.0.0-beta-2\groovy-ant-3.0.0-beta-2-indy.jar;C:\Users\\.m2\repository\org\codehaus\groovy\groovy\3.0.0-beta-2\groovy-3.0.0-beta-2.jar;C:\Users\\.m2\repository\org\codehaus\groovy\groovy-dateutil\3.0.0-beta-2\groovy-dateutil-3.0.0-beta-2-indy.jar;C:\Users\\.m2\repository\org\codehaus\groovy\groovy-groovydoc\3.0.0-beta-2\groovy-groovydoc-3.0.0-beta-2.jar;C:\Users\\.m2\repository\org\codehaus\groovy\groovy-templates\3.0.0-beta-2\groovy-templates-3.0.0-beta-2.jar;C:\Users\\.m2\repository\org\codehaus\groovy\groovy-docgenerator\3.0.0-beta-2\groovy-docgenerator-3.0.0-beta-2.jar;C:\Users\\.m2\repository\com\thoughtworks\qdox\qdox\1.12.1\qdox-1.12.1.jar;C:\Users\\.m2\repository\org\codehaus\groovy\groovy-xml\3.0.0-beta-2\groovy-xml-3.0.0-beta-2.jar;C:\Users\\.m2\reposito
Launcher Type: SUN_STANDARD

[Global flags]
     intx CICompilerCount                          = 3                                         {product} {ergonomic}
     uint ConcGCThreads                            = 1                                         {product} {ergonomic}
     uint G1ConcRefinementThreads                  = 4                                         {product} {ergonomic}
   size_t G1HeapRegionSize                         = 1048576                                   {product} {ergonomic}
    uintx GCDrainStackTargetSize                   = 64                                        {product} {ergonomic}
   size_t InitialHeapSize                          = 100663296                                 {product} {ergonomic}
   size_t MarkStackSize                            = 4194304                                   {product} {ergonomic}
   size_t MaxHeapSize                              = 536870912                                 {product} {command line}
   size_t MaxNewSize                               = 321912832                                 {product} {ergonomic}
   size_t MinHeapDeltaBytes                        = 1048576                                   {product} {ergonomic}
    uintx NonNMethodCodeHeapSize                   = 5830732                                {pd product} {ergonomic}
    uintx NonProfiledCodeHeapSize                  = 122913754                              {pd product} {ergonomic}
    uintx ProfiledCodeHeapSize                     = 122913754                              {pd product} {ergonomic}
    uintx ReservedCodeCacheSize                    = 251658240                              {pd product} {ergonomic}
     bool SegmentedCodeCache                       = true                                      {product} {ergonomic}
     bool UseCompressedClassPointers               = true                                 {lp64_product} {ergonomic}
     bool UseCompressedOops                        = true                                 {lp64_product} {ergonomic}
     bool UseG1GC                                  = true                                      {product} {ergonomic}
     bool UseLargePagesIndividualAllocation        = false                                  {pd product} {ergonomic}

Logging:
Log output configuration:
 #0: stdout all=warning uptime,level,tags
 #1: stderr all=off uptime,level,tags

Environment Variables:
PATH=C:\Program Files\Eclipse Adoptium\jdk-11.0.16.8-hotspot\bin;C:\WINDOWS\system32;C:\WINDOWS;C:\WINDOWS\System32\Wbem;C:\WINDOWS\System32\WindowsPowerShell\v1.0\;C:\WINDOWS\System32\OpenSSH\;C:\Program Files\Git\cmd;C:\Users\\AppData\Local\Microsoft\WindowsApps;;D:\Microsoft VS Code\bin
USERNAME=
OS=Windows_NT
PROCESSOR_IDENTIFIER=Intel64 Family 6 Model 61 Stepping 4, GenuineIntel
TMP=C:\Users\\AppData\Local\Temp
TEMP=C:\Users\\AppData\Local\Temp



---------------  S Y S T E M  ---------------

OS: Windows 10 , 64 bit Build 19041 (10.0.19041.1889)
OS uptime: 0 days 23:07 hours

CPU:total 4 (initial active 4) (2 cores per cpu, 2 threads per core) family 6 model 61 stepping 4 microcode 0x2d, cmov, cx8, fxsr, mmx, sse, sse2, sse3, ssse3, sse4.1, sse4.2, popcnt, avx, avx2, aes, clmul, erms, 3dnowpref, lzcnt, ht, tsc, tscinvbit, bmi1, bmi2, adx, fma

Memory: 4k page, system-wide physical 6043M (500M free)
TotalPageFile size 6043M (AvailPageFile size 5M)
current process WorkingSet (physical memory assigned to process): 87M, peak: 87M
current process commit charge ("private bytes"): 195M, peak: 195M

vm_info: OpenJDK 64-Bit Server VM (11.0.16+8) for windows-amd64 JRE (11.0.16+8), built on Jul 20 2022 07:15:32 by "" with MS VC++ 15.9 (VS2017)

END.
